C:\Users\chitra\Documents\Visual Studio 2017\Projects\coredemo\coredemo\wwwroot\app\app.component.js
C:\Users\chitra\Documents\Visual Studio 2017\Projects\coredemo\coredemo\wwwroot\app\app.component.js.map
C:\Users\chitra\Documents\Visual Studio 2017\Projects\coredemo\coredemo\wwwroot\app\app.module.js
C:\Users\chitra\Documents\Visual Studio 2017\Projects\coredemo\coredemo\wwwroot\app\app.module.js.map
C:\Users\chitra\Documents\Visual Studio 2017\Projects\coredemo\coredemo\wwwroot\app\main.js
C:\Users\chitra\Documents\Visual Studio 2017\Projects\coredemo\coredemo\wwwroot\app\main.js.map
C:\Users\chitra\Documents\Visual Studio 2017\Projects\coredemo\coredemo\wwwroot\app\app.component.js
C:\Users\chitra\Documents\Visual Studio 2017\Projects\coredemo\coredemo\wwwroot\app\app.component.js.map
C:\Users\chitra\Documents\Visual Studio 2017\Projects\coredemo\coredemo\wwwroot\app\app.module.js
C:\Users\chitra\Documents\Visual Studio 2017\Projects\coredemo\coredemo\wwwroot\app\app.module.js.map
C:\Users\chitra\Documents\Visual Studio 2017\Projects\coredemo\coredemo\wwwroot\app\main.js
C:\Users\chitra\Documents\Visual Studio 2017\Projects\coredemo\coredemo\wwwroot\app\main.js.map
C:\Users\chitra\Documents\Visual Studio 2017\Projects\coredemo\coredemo\wwwroot\app\app.component.js
C:\Users\chitra\Documents\Visual Studio 2017\Projects\coredemo\coredemo\wwwroot\app\app.component.js.map
C:\Users\chitra\Documents\Visual Studio 2017\Projects\coredemo\coredemo\wwwroot\app\app.module.js
C:\Users\chitra\Documents\Visual Studio 2017\Projects\coredemo\coredemo\wwwroot\app\app.module.js.map
C:\Users\chitra\Documents\Visual Studio 2017\Projects\coredemo\coredemo\wwwroot\app\main.js
C:\Users\chitra\Documents\Visual Studio 2017\Projects\coredemo\coredemo\wwwroot\app\main.js.map
C:\Users\chitra\Documents\Visual Studio 2017\Projects\coredemo\coredemo\wwwroot\app\app.component.js
C:\Users\chitra\Documents\Visual Studio 2017\Projects\coredemo\coredemo\wwwroot\app\app.component.js.map
C:\Users\chitra\Documents\Visual Studio 2017\Projects\coredemo\coredemo\wwwroot\app\app.module.js
C:\Users\chitra\Documents\Visual Studio 2017\Projects\coredemo\coredemo\wwwroot\app\app.module.js.map
C:\Users\chitra\Documents\Visual Studio 2017\Projects\coredemo\coredemo\wwwroot\app\main.js
C:\Users\chitra\Documents\Visual Studio 2017\Projects\coredemo\coredemo\wwwroot\app\main.js.map
C:\Users\chitra\Documents\Visual Studio 2017\Projects\coredemo\coredemo\wwwroot\app\app.component.js
C:\Users\chitra\Documents\Visual Studio 2017\Projects\coredemo\coredemo\wwwroot\app\app.component.js.map
C:\Users\chitra\Documents\Visual Studio 2017\Projects\coredemo\coredemo\wwwroot\app\app.module.js
C:\Users\chitra\Documents\Visual Studio 2017\Projects\coredemo\coredemo\wwwroot\app\app.module.js.map
C:\Users\chitra\Documents\Visual Studio 2017\Projects\coredemo\coredemo\wwwroot\app\main.js
C:\Users\chitra\Documents\Visual Studio 2017\Projects\coredemo\coredemo\wwwroot\app\main.js.map
C:\Users\chitra\Documents\Visual Studio 2017\Projects\coredemo\coredemo\wwwroot\app\app.component.js
C:\Users\chitra\Documents\Visual Studio 2017\Projects\coredemo\coredemo\wwwroot\app\app.component.js.map
C:\Users\chitra\Documents\Visual Studio 2017\Projects\coredemo\coredemo\wwwroot\app\app.module.js
C:\Users\chitra\Documents\Visual Studio 2017\Projects\coredemo\coredemo\wwwroot\app\app.module.js.map
C:\Users\chitra\Documents\Visual Studio 2017\Projects\coredemo\coredemo\wwwroot\app\main.js
C:\Users\chitra\Documents\Visual Studio 2017\Projects\coredemo\coredemo\wwwroot\app\main.js.map
C:\Users\chitra\Documents\Visual Studio 2017\Projects\coredemo\coredemo\wwwroot\app\app.component.js
C:\Users\chitra\Documents\Visual Studio 2017\Projects\coredemo\coredemo\wwwroot\app\app.component.js.map
C:\Users\chitra\Documents\Visual Studio 2017\Projects\coredemo\coredemo\wwwroot\app\app.module.js
C:\Users\chitra\Documents\Visual Studio 2017\Projects\coredemo\coredemo\wwwroot\app\app.module.js.map
C:\Users\chitra\Documents\Visual Studio 2017\Projects\coredemo\coredemo\wwwroot\app\main.js
C:\Users\chitra\Documents\Visual Studio 2017\Projects\coredemo\coredemo\wwwroot\app\main.js.map
C:\Users\chitra\Documents\Visual Studio 2017\Projects\coredemo\coredemo\wwwroot\app\navmenu\navmenu.component.js
C:\Users\chitra\Documents\Visual Studio 2017\Projects\coredemo\coredemo\wwwroot\app\navmenu\navmenu.component.js.map
C:\Users\chitra\Documents\Visual Studio 2017\Projects\coredemo\coredemo\wwwroot\app\app.component.js
C:\Users\chitra\Documents\Visual Studio 2017\Projects\coredemo\coredemo\wwwroot\app\app.component.js.map
C:\Users\chitra\Documents\Visual Studio 2017\Projects\coredemo\coredemo\wwwroot\app\app.module.js
C:\Users\chitra\Documents\Visual Studio 2017\Projects\coredemo\coredemo\wwwroot\app\app.module.js.map
C:\Users\chitra\Documents\Visual Studio 2017\Projects\coredemo\coredemo\wwwroot\app\main.js
C:\Users\chitra\Documents\Visual Studio 2017\Projects\coredemo\coredemo\wwwroot\app\main.js.map
C:\Users\chitra\Documents\Visual Studio 2017\Projects\coredemo\coredemo\wwwroot\app\navmenu\navmenu.component.js
C:\Users\chitra\Documents\Visual Studio 2017\Projects\coredemo\coredemo\wwwroot\app\navmenu\navmenu.component.js.map
C:\Users\chitra\Documents\Visual Studio 2017\Projects\coredemo\coredemo\wwwroot\app\home\home.component.js
C:\Users\chitra\Documents\Visual Studio 2017\Projects\coredemo\coredemo\wwwroot\app\home\home.component.js.map
C:\Users\chitra\Documents\Visual Studio 2017\Projects\coredemo\coredemo\wwwroot\app\app.component.js
C:\Users\chitra\Documents\Visual Studio 2017\Projects\coredemo\coredemo\wwwroot\app\app.component.js.map
C:\Users\chitra\Documents\Visual Studio 2017\Projects\coredemo\coredemo\wwwroot\app\app.module.js
C:\Users\chitra\Documents\Visual Studio 2017\Projects\coredemo\coredemo\wwwroot\app\app.module.js.map
C:\Users\chitra\Documents\Visual Studio 2017\Projects\coredemo\coredemo\wwwroot\app\main.js
C:\Users\chitra\Documents\Visual Studio 2017\Projects\coredemo\coredemo\wwwroot\app\main.js.map
C:\Users\chitra\Documents\Visual Studio 2017\Projects\coredemo\coredemo\wwwroot\app\navmenu\navmenu.component.js
C:\Users\chitra\Documents\Visual Studio 2017\Projects\coredemo\coredemo\wwwroot\app\navmenu\navmenu.component.js.map
C:\Users\chitra\Documents\Visual Studio 2017\Projects\coredemo\coredemo\wwwroot\app\home\home.component.js
C:\Users\chitra\Documents\Visual Studio 2017\Projects\coredemo\coredemo\wwwroot\app\home\home.component.js.map
C:\Users\chitra\Documents\Visual Studio 2017\Projects\coredemo\coredemo\wwwroot\app\app.component.js
C:\Users\chitra\Documents\Visual Studio 2017\Projects\coredemo\coredemo\wwwroot\app\app.component.js.map
C:\Users\chitra\Documents\Visual Studio 2017\Projects\coredemo\coredemo\wwwroot\app\app.module.js
C:\Users\chitra\Documents\Visual Studio 2017\Projects\coredemo\coredemo\wwwroot\app\app.module.js.map
C:\Users\chitra\Documents\Visual Studio 2017\Projects\coredemo\coredemo\wwwroot\app\main.js
C:\Users\chitra\Documents\Visual Studio 2017\Projects\coredemo\coredemo\wwwroot\app\main.js.map
C:\Users\chitra\Documents\Visual Studio 2017\Projects\coredemo\coredemo\wwwroot\app\navmenu\navmenu.component.js
C:\Users\chitra\Documents\Visual Studio 2017\Projects\coredemo\coredemo\wwwroot\app\navmenu\navmenu.component.js.map
C:\Users\chitra\Documents\Visual Studio 2017\Projects\coredemo\coredemo\wwwroot\app\home\home.component.js
C:\Users\chitra\Documents\Visual Studio 2017\Projects\coredemo\coredemo\wwwroot\app\home\home.component.js.map
C:\Users\chitra\Documents\Visual Studio 2017\Projects\coredemo\coredemo\wwwroot\app\app.component.js
C:\Users\chitra\Documents\Visual Studio 2017\Projects\coredemo\coredemo\wwwroot\app\app.component.js.map
C:\Users\chitra\Documents\Visual Studio 2017\Projects\coredemo\coredemo\wwwroot\app\home\home.component.js
C:\Users\chitra\Documents\Visual Studio 2017\Projects\coredemo\coredemo\wwwroot\app\home\home.component.js.map
C:\Users\chitra\Documents\Visual Studio 2017\Projects\coredemo\coredemo\wwwroot\app\app.module.js
C:\Users\chitra\Documents\Visual Studio 2017\Projects\coredemo\coredemo\wwwroot\app\app.module.js.map
C:\Users\chitra\Documents\Visual Studio 2017\Projects\coredemo\coredemo\wwwroot\app\main.js
C:\Users\chitra\Documents\Visual Studio 2017\Projects\coredemo\coredemo\wwwroot\app\main.js.map
C:\Users\chitra\Documents\Visual Studio 2017\Projects\coredemo\coredemo\wwwroot\app\navmenu\navmenu.component.js
C:\Users\chitra\Documents\Visual Studio 2017\Projects\coredemo\coredemo\wwwroot\app\navmenu\navmenu.component.js.map
C:\Users\chitra\Documents\Visual Studio 2017\Projects\coredemo\coredemo\wwwroot\app\app.component.js
C:\Users\chitra\Documents\Visual Studio 2017\Projects\coredemo\coredemo\wwwroot\app\app.component.js.map
C:\Users\chitra\Documents\Visual Studio 2017\Projects\coredemo\coredemo\wwwroot\app\home\home.component.js
C:\Users\chitra\Documents\Visual Studio 2017\Projects\coredemo\coredemo\wwwroot\app\home\home.component.js.map
C:\Users\chitra\Documents\Visual Studio 2017\Projects\coredemo\coredemo\wwwroot\app\app.module.js
C:\Users\chitra\Documents\Visual Studio 2017\Projects\coredemo\coredemo\wwwroot\app\app.module.js.map
C:\Users\chitra\Documents\Visual Studio 2017\Projects\coredemo\coredemo\wwwroot\app\main.js
C:\Users\chitra\Documents\Visual Studio 2017\Projects\coredemo\coredemo\wwwroot\app\main.js.map
C:\Users\chitra\Documents\Visual Studio 2017\Projects\coredemo\coredemo\wwwroot\app\navmenu\navmenu.component.js
C:\Users\chitra\Documents\Visual Studio 2017\Projects\coredemo\coredemo\wwwroot\app\navmenu\navmenu.component.js.map
C:\Users\chitra\Documents\Visual Studio 2017\Projects\coredemo\coredemo\wwwroot\app\app.component.js
C:\Users\chitra\Documents\Visual Studio 2017\Projects\coredemo\coredemo\wwwroot\app\app.component.js.map
C:\Users\chitra\Documents\Visual Studio 2017\Projects\coredemo\coredemo\wwwroot\app\home\home.component.js
C:\Users\chitra\Documents\Visual Studio 2017\Projects\coredemo\coredemo\wwwroot\app\home\home.component.js.map
C:\Users\chitra\Documents\Visual Studio 2017\Projects\coredemo\coredemo\wwwroot\app\app.module.js
C:\Users\chitra\Documents\Visual Studio 2017\Projects\coredemo\coredemo\wwwroot\app\app.module.js.map
C:\Users\chitra\Documents\Visual Studio 2017\Projects\coredemo\coredemo\wwwroot\app\main.js
C:\Users\chitra\Documents\Visual Studio 2017\Projects\coredemo\coredemo\wwwroot\app\main.js.map
C:\Users\chitra\Documents\Visual Studio 2017\Projects\coredemo\coredemo\wwwroot\app\navmenu\navmenu.component.js
C:\Users\chitra\Documents\Visual Studio 2017\Projects\coredemo\coredemo\wwwroot\app\navmenu\navmenu.component.js.map
C:\Users\chitra\Documents\Visual Studio 2017\Projects\coredemo\coredemo\wwwroot\app\app.component.js
C:\Users\chitra\Documents\Visual Studio 2017\Projects\coredemo\coredemo\wwwroot\app\app.component.js.map
C:\Users\chitra\Documents\Visual Studio 2017\Projects\coredemo\coredemo\wwwroot\app\home\home.component.js
C:\Users\chitra\Documents\Visual Studio 2017\Projects\coredemo\coredemo\wwwroot\app\home\home.component.js.map
C:\Users\chitra\Documents\Visual Studio 2017\Projects\coredemo\coredemo\wwwroot\app\app.module.js
C:\Users\chitra\Documents\Visual Studio 2017\Projects\coredemo\coredemo\wwwroot\app\app.module.js.map
C:\Users\chitra\Documents\Visual Studio 2017\Projects\coredemo\coredemo\wwwroot\app\main.js
C:\Users\chitra\Documents\Visual Studio 2017\Projects\coredemo\coredemo\wwwroot\app\main.js.map
C:\Users\chitra\Documents\Visual Studio 2017\Projects\coredemo\coredemo\wwwroot\app\navmenu\navmenu.component.js
C:\Users\chitra\Documents\Visual Studio 2017\Projects\coredemo\coredemo\wwwroot\app\navmenu\navmenu.component.js.map
C:\Users\chitra\Documents\Visual Studio 2017\Projects\coredemo\coredemo\wwwroot\app\app.component.js
C:\Users\chitra\Documents\Visual Studio 2017\Projects\coredemo\coredemo\wwwroot\app\app.component.js.map
C:\Users\chitra\Documents\Visual Studio 2017\Projects\coredemo\coredemo\wwwroot\app\home\home.component.js
C:\Users\chitra\Documents\Visual Studio 2017\Projects\coredemo\coredemo\wwwroot\app\home\home.component.js.map
C:\Users\chitra\Documents\Visual Studio 2017\Projects\coredemo\coredemo\wwwroot\app\app.module.js
C:\Users\chitra\Documents\Visual Studio 2017\Projects\coredemo\coredemo\wwwroot\app\app.module.js.map
C:\Users\chitra\Documents\Visual Studio 2017\Projects\coredemo\coredemo\wwwroot\app\main.js
C:\Users\chitra\Documents\Visual Studio 2017\Projects\coredemo\coredemo\wwwroot\app\main.js.map
C:\Users\chitra\Documents\Visual Studio 2017\Projects\coredemo\coredemo\wwwroot\app\navmenu\navmenu.component.js
C:\Users\chitra\Documents\Visual Studio 2017\Projects\coredemo\coredemo\wwwroot\app\navmenu\navmenu.component.js.map
C:\Users\chitra\Documents\Visual Studio 2017\Projects\coredemo\coredemo\wwwroot\app\app.component.js
C:\Users\chitra\Documents\Visual Studio 2017\Projects\coredemo\coredemo\wwwroot\app\app.component.js.map
C:\Users\chitra\Documents\Visual Studio 2017\Projects\coredemo\coredemo\wwwroot\app\app.module.js
C:\Users\chitra\Documents\Visual Studio 2017\Projects\coredemo\coredemo\wwwroot\app\app.module.js.map
C:\Users\chitra\Documents\Visual Studio 2017\Projects\coredemo\coredemo\wwwroot\app\main.js
C:\Users\chitra\Documents\Visual Studio 2017\Projects\coredemo\coredemo\wwwroot\app\main.js.map
C:\Users\chitra\Documents\Visual Studio 2017\Projects\coredemo\coredemo\wwwroot\app\navmenu\navmenu.component.js
C:\Users\chitra\Documents\Visual Studio 2017\Projects\coredemo\coredemo\wwwroot\app\navmenu\navmenu.component.js.map
C:\Users\chitra\Documents\Visual Studio 2017\Projects\coredemo\coredemo\wwwroot\app\home\home.component.js
C:\Users\chitra\Documents\Visual Studio 2017\Projects\coredemo\coredemo\wwwroot\app\home\home.component.js.map
C:\Users\chitra\Documents\Visual Studio 2017\Projects\coredemo\coredemo\wwwroot\app\app.component.js
C:\Users\chitra\Documents\Visual Studio 2017\Projects\coredemo\coredemo\wwwroot\app\app.component.js.map
C:\Users\chitra\Documents\Visual Studio 2017\Projects\coredemo\coredemo\wwwroot\app\app.module.js
C:\Users\chitra\Documents\Visual Studio 2017\Projects\coredemo\coredemo\wwwroot\app\app.module.js.map
C:\Users\chitra\Documents\Visual Studio 2017\Projects\coredemo\coredemo\wwwroot\app\main.js
C:\Users\chitra\Documents\Visual Studio 2017\Projects\coredemo\coredemo\wwwroot\app\main.js.map
C:\Users\chitra\Documents\Visual Studio 2017\Projects\coredemo\coredemo\wwwroot\app\navmenu\navmenu.component.js
C:\Users\chitra\Documents\Visual Studio 2017\Projects\coredemo\coredemo\wwwroot\app\navmenu\navmenu.component.js.map
C:\Users\chitra\Documents\Visual Studio 2017\Projects\coredemo\coredemo\wwwroot\app\home\home.component.js
C:\Users\chitra\Documents\Visual Studio 2017\Projects\coredemo\coredemo\wwwroot\app\home\home.component.js.map
C:\Users\chitra\Documents\Visual Studio 2017\Projects\coredemo\coredemo\wwwroot\app\app.component.js
C:\Users\chitra\Documents\Visual Studio 2017\Projects\coredemo\coredemo\wwwroot\app\app.component.js.map
C:\Users\chitra\Documents\Visual Studio 2017\Projects\coredemo\coredemo\wwwroot\app\navmenu\navmenu.component.js
C:\Users\chitra\Documents\Visual Studio 2017\Projects\coredemo\coredemo\wwwroot\app\navmenu\navmenu.component.js.map
C:\Users\chitra\Documents\Visual Studio 2017\Projects\coredemo\coredemo\wwwroot\app\home\home.component.js
C:\Users\chitra\Documents\Visual Studio 2017\Projects\coredemo\coredemo\wwwroot\app\home\home.component.js.map
C:\Users\chitra\Documents\Visual Studio 2017\Projects\coredemo\coredemo\wwwroot\app\app.module.js
C:\Users\chitra\Documents\Visual Studio 2017\Projects\coredemo\coredemo\wwwroot\app\app.module.js.map
C:\Users\chitra\Documents\Visual Studio 2017\Projects\coredemo\coredemo\wwwroot\app\main.js
C:\Users\chitra\Documents\Visual Studio 2017\Projects\coredemo\coredemo\wwwroot\app\main.js.map
C:\Users\chitra\Documents\Visual Studio 2017\Projects\coredemo\coredemo\wwwroot\app\app.component.js
C:\Users\chitra\Documents\Visual Studio 2017\Projects\coredemo\coredemo\wwwroot\app\app.component.js.map
C:\Users\chitra\Documents\Visual Studio 2017\Projects\coredemo\coredemo\wwwroot\app\navmenu\navmenu.component.js
C:\Users\chitra\Documents\Visual Studio 2017\Projects\coredemo\coredemo\wwwroot\app\navmenu\navmenu.component.js.map
C:\Users\chitra\Documents\Visual Studio 2017\Projects\coredemo\coredemo\wwwroot\app\home\home.component.js
C:\Users\chitra\Documents\Visual Studio 2017\Projects\coredemo\coredemo\wwwroot\app\home\home.component.js.map
C:\Users\chitra\Documents\Visual Studio 2017\Projects\coredemo\coredemo\wwwroot\app\app.module.js
C:\Users\chitra\Documents\Visual Studio 2017\Projects\coredemo\coredemo\wwwroot\app\app.module.js.map
C:\Users\chitra\Documents\Visual Studio 2017\Projects\coredemo\coredemo\wwwroot\app\main.js
C:\Users\chitra\Documents\Visual Studio 2017\Projects\coredemo\coredemo\wwwroot\app\main.js.map
C:\Users\chitra\Documents\Visual Studio 2017\Projects\coredemo\coredemo\wwwroot\app\app.component.js
C:\Users\chitra\Documents\Visual Studio 2017\Projects\coredemo\coredemo\wwwroot\app\app.component.js.map
C:\Users\chitra\Documents\Visual Studio 2017\Projects\coredemo\coredemo\wwwroot\app\navmenu\navmenu.component.js
C:\Users\chitra\Documents\Visual Studio 2017\Projects\coredemo\coredemo\wwwroot\app\navmenu\navmenu.component.js.map
C:\Users\chitra\Documents\Visual Studio 2017\Projects\coredemo\coredemo\wwwroot\app\home\home.component.js
C:\Users\chitra\Documents\Visual Studio 2017\Projects\coredemo\coredemo\wwwroot\app\home\home.component.js.map
C:\Users\chitra\Documents\Visual Studio 2017\Projects\coredemo\coredemo\wwwroot\app\app.module.js
C:\Users\chitra\Documents\Visual Studio 2017\Projects\coredemo\coredemo\wwwroot\app\app.module.js.map
C:\Users\chitra\Documents\Visual Studio 2017\Projects\coredemo\coredemo\wwwroot\app\main.js
C:\Users\chitra\Documents\Visual Studio 2017\Projects\coredemo\coredemo\wwwroot\app\main.js.map
C:\Users\chitra\Documents\Visual Studio 2017\Projects\coredemo\coredemo\wwwroot\app\app.component.js
C:\Users\chitra\Documents\Visual Studio 2017\Projects\coredemo\coredemo\wwwroot\app\app.component.js.map
C:\Users\chitra\Documents\Visual Studio 2017\Projects\coredemo\coredemo\wwwroot\app\navmenu\navmenu.component.js
C:\Users\chitra\Documents\Visual Studio 2017\Projects\coredemo\coredemo\wwwroot\app\navmenu\navmenu.component.js.map
C:\Users\chitra\Documents\Visual Studio 2017\Projects\coredemo\coredemo\wwwroot\app\home\home.component.js
C:\Users\chitra\Documents\Visual Studio 2017\Projects\coredemo\coredemo\wwwroot\app\home\home.component.js.map
C:\Users\chitra\Documents\Visual Studio 2017\Projects\coredemo\coredemo\wwwroot\app\app.module.js
C:\Users\chitra\Documents\Visual Studio 2017\Projects\coredemo\coredemo\wwwroot\app\app.module.js.map
C:\Users\chitra\Documents\Visual Studio 2017\Projects\coredemo\coredemo\wwwroot\app\main.js
C:\Users\chitra\Documents\Visual Studio 2017\Projects\coredemo\coredemo\wwwroot\app\main.js.map
C:\Users\chitra\Documents\Visual Studio 2017\Projects\coredemo\coredemo\wwwroot\app\app.component.js
C:\Users\chitra\Documents\Visual Studio 2017\Projects\coredemo\coredemo\wwwroot\app\app.component.js.map
C:\Users\chitra\Documents\Visual Studio 2017\Projects\coredemo\coredemo\wwwroot\app\navmenu\navmenu.component.js
C:\Users\chitra\Documents\Visual Studio 2017\Projects\coredemo\coredemo\wwwroot\app\navmenu\navmenu.component.js.map
C:\Users\chitra\Documents\Visual Studio 2017\Projects\coredemo\coredemo\wwwroot\app\home\home.component.js
C:\Users\chitra\Documents\Visual Studio 2017\Projects\coredemo\coredemo\wwwroot\app\home\home.component.js.map
C:\Users\chitra\Documents\Visual Studio 2017\Projects\coredemo\coredemo\wwwroot\app\app.module.js
C:\Users\chitra\Documents\Visual Studio 2017\Projects\coredemo\coredemo\wwwroot\app\app.module.js.map
C:\Users\chitra\Documents\Visual Studio 2017\Projects\coredemo\coredemo\wwwroot\app\main.js
C:\Users\chitra\Documents\Visual Studio 2017\Projects\coredemo\coredemo\wwwroot\app\main.js.map
C:\Users\chitra\Documents\Visual Studio 2017\Projects\coredemo\coredemo\wwwroot\app\app.component.js
C:\Users\chitra\Documents\Visual Studio 2017\Projects\coredemo\coredemo\wwwroot\app\app.component.js.map
C:\Users\chitra\Documents\Visual Studio 2017\Projects\coredemo\coredemo\wwwroot\app\navmenu\navmenu.component.js
C:\Users\chitra\Documents\Visual Studio 2017\Projects\coredemo\coredemo\wwwroot\app\navmenu\navmenu.component.js.map
C:\Users\chitra\Documents\Visual Studio 2017\Projects\coredemo\coredemo\wwwroot\app\home\home.component.js
C:\Users\chitra\Documents\Visual Studio 2017\Projects\coredemo\coredemo\wwwroot\app\home\home.component.js.map
C:\Users\chitra\Documents\Visual Studio 2017\Projects\coredemo\coredemo\wwwroot\app\app.module.js
C:\Users\chitra\Documents\Visual Studio 2017\Projects\coredemo\coredemo\wwwroot\app\app.module.js.map
C:\Users\chitra\Documents\Visual Studio 2017\Projects\coredemo\coredemo\wwwroot\app\main.js
C:\Users\chitra\Documents\Visual Studio 2017\Projects\coredemo\coredemo\wwwroot\app\main.js.map
C:\Users\chitra\Documents\Visual Studio 2017\Projects\coredemo\coredemo\wwwroot\app\app.component.js
C:\Users\chitra\Documents\Visual Studio 2017\Projects\coredemo\coredemo\wwwroot\app\app.component.js.map
C:\Users\chitra\Documents\Visual Studio 2017\Projects\coredemo\coredemo\wwwroot\app\navmenu\navmenu.component.js
C:\Users\chitra\Documents\Visual Studio 2017\Projects\coredemo\coredemo\wwwroot\app\navmenu\navmenu.component.js.map
C:\Users\chitra\Documents\Visual Studio 2017\Projects\coredemo\coredemo\wwwroot\app\home\home.component.js
C:\Users\chitra\Documents\Visual Studio 2017\Projects\coredemo\coredemo\wwwroot\app\home\home.component.js.map
C:\Users\chitra\Documents\Visual Studio 2017\Projects\coredemo\coredemo\wwwroot\app\app.module.js
C:\Users\chitra\Documents\Visual Studio 2017\Projects\coredemo\coredemo\wwwroot\app\app.module.js.map
C:\Users\chitra\Documents\Visual Studio 2017\Projects\coredemo\coredemo\wwwroot\app\main.js
C:\Users\chitra\Documents\Visual Studio 2017\Projects\coredemo\coredemo\wwwroot\app\main.js.map
C:\Users\chitra\Documents\Visual Studio 2017\Projects\coredemo\coredemo\wwwroot\app\app.component.js
C:\Users\chitra\Documents\Visual Studio 2017\Projects\coredemo\coredemo\wwwroot\app\app.component.js.map
C:\Users\chitra\Documents\Visual Studio 2017\Projects\coredemo\coredemo\wwwroot\app\navmenu\navmenu.component.js
C:\Users\chitra\Documents\Visual Studio 2017\Projects\coredemo\coredemo\wwwroot\app\navmenu\navmenu.component.js.map
C:\Users\chitra\Documents\Visual Studio 2017\Projects\coredemo\coredemo\wwwroot\app\home\home.component.js
C:\Users\chitra\Documents\Visual Studio 2017\Projects\coredemo\coredemo\wwwroot\app\home\home.component.js.map
C:\Users\chitra\Documents\Visual Studio 2017\Projects\coredemo\coredemo\wwwroot\app\app.module.js
C:\Users\chitra\Documents\Visual Studio 2017\Projects\coredemo\coredemo\wwwroot\app\app.module.js.map
C:\Users\chitra\Documents\Visual Studio 2017\Projects\coredemo\coredemo\wwwroot\app\main.js
C:\Users\chitra\Documents\Visual Studio 2017\Projects\coredemo\coredemo\wwwroot\app\main.js.map
C:\Users\chitra\Documents\Visual Studio 2017\Projects\coredemo\coredemo\wwwroot\app\app.component.js
C:\Users\chitra\Documents\Visual Studio 2017\Projects\coredemo\coredemo\wwwroot\app\app.component.js.map
C:\Users\chitra\Documents\Visual Studio 2017\Projects\coredemo\coredemo\wwwroot\app\navmenu\navmenu.component.js
C:\Users\chitra\Documents\Visual Studio 2017\Projects\coredemo\coredemo\wwwroot\app\navmenu\navmenu.component.js.map
C:\Users\chitra\Documents\Visual Studio 2017\Projects\coredemo\coredemo\wwwroot\app\home\home.component.js
C:\Users\chitra\Documents\Visual Studio 2017\Projects\coredemo\coredemo\wwwroot\app\home\home.component.js.map
C:\Users\chitra\Documents\Visual Studio 2017\Projects\coredemo\coredemo\wwwroot\app\app.module.js
C:\Users\chitra\Documents\Visual Studio 2017\Projects\coredemo\coredemo\wwwroot\app\app.module.js.map
C:\Users\chitra\Documents\Visual Studio 2017\Projects\coredemo\coredemo\wwwroot\app\main.js
C:\Users\chitra\Documents\Visual Studio 2017\Projects\coredemo\coredemo\wwwroot\app\main.js.map
C:\Users\chitra\Documents\Visual Studio 2017\Projects\coredemo\coredemo\wwwroot\app\models\book.js
C:\Users\chitra\Documents\Visual Studio 2017\Projects\coredemo\coredemo\wwwroot\app\models\book.js.map
C:\Users\chitra\Documents\Visual Studio 2017\Projects\coredemo\coredemo\wwwroot\app\books\books.component.js
C:\Users\chitra\Documents\Visual Studio 2017\Projects\coredemo\coredemo\wwwroot\app\books\books.component.js.map
C:\Users\chitra\Documents\Visual Studio 2017\Projects\coredemo\coredemo\wwwroot\app\app.component.js
C:\Users\chitra\Documents\Visual Studio 2017\Projects\coredemo\coredemo\wwwroot\app\app.component.js.map
C:\Users\chitra\Documents\Visual Studio 2017\Projects\coredemo\coredemo\wwwroot\app\navmenu\navmenu.component.js
C:\Users\chitra\Documents\Visual Studio 2017\Projects\coredemo\coredemo\wwwroot\app\navmenu\navmenu.component.js.map
C:\Users\chitra\Documents\Visual Studio 2017\Projects\coredemo\coredemo\wwwroot\app\home\home.component.js
C:\Users\chitra\Documents\Visual Studio 2017\Projects\coredemo\coredemo\wwwroot\app\home\home.component.js.map
C:\Users\chitra\Documents\Visual Studio 2017\Projects\coredemo\coredemo\wwwroot\app\app.module.js
C:\Users\chitra\Documents\Visual Studio 2017\Projects\coredemo\coredemo\wwwroot\app\app.module.js.map
C:\Users\chitra\Documents\Visual Studio 2017\Projects\coredemo\coredemo\wwwroot\app\main.js
C:\Users\chitra\Documents\Visual Studio 2017\Projects\coredemo\coredemo\wwwroot\app\main.js.map
C:\Users\chitra\Documents\Visual Studio 2017\Projects\coredemo\coredemo\wwwroot\app\models\book.js
C:\Users\chitra\Documents\Visual Studio 2017\Projects\coredemo\coredemo\wwwroot\app\models\book.js.map
C:\Users\chitra\Documents\Visual Studio 2017\Projects\coredemo\coredemo\wwwroot\app\books\books.component.js
C:\Users\chitra\Documents\Visual Studio 2017\Projects\coredemo\coredemo\wwwroot\app\books\books.component.js.map
C:\Users\chitra\Documents\Visual Studio 2017\Projects\coredemo\coredemo\wwwroot\app\app.component.js
C:\Users\chitra\Documents\Visual Studio 2017\Projects\coredemo\coredemo\wwwroot\app\app.component.js.map
C:\Users\chitra\Documents\Visual Studio 2017\Projects\coredemo\coredemo\wwwroot\app\navmenu\navmenu.component.js
C:\Users\chitra\Documents\Visual Studio 2017\Projects\coredemo\coredemo\wwwroot\app\navmenu\navmenu.component.js.map
C:\Users\chitra\Documents\Visual Studio 2017\Projects\coredemo\coredemo\wwwroot\app\home\home.component.js
C:\Users\chitra\Documents\Visual Studio 2017\Projects\coredemo\coredemo\wwwroot\app\home\home.component.js.map
C:\Users\chitra\Documents\Visual Studio 2017\Projects\coredemo\coredemo\wwwroot\app\app.module.js
C:\Users\chitra\Documents\Visual Studio 2017\Projects\coredemo\coredemo\wwwroot\app\app.module.js.map
C:\Users\chitra\Documents\Visual Studio 2017\Projects\coredemo\coredemo\wwwroot\app\main.js
C:\Users\chitra\Documents\Visual Studio 2017\Projects\coredemo\coredemo\wwwroot\app\main.js.map
C:\Users\chitra\Documents\Visual Studio 2017\Projects\coredemo\coredemo\wwwroot\app\models\book.js
C:\Users\chitra\Documents\Visual Studio 2017\Projects\coredemo\coredemo\wwwroot\app\models\book.js.map
C:\Users\chitra\Documents\Visual Studio 2017\Projects\coredemo\coredemo\wwwroot\app\services\book.service.js
C:\Users\chitra\Documents\Visual Studio 2017\Projects\coredemo\coredemo\wwwroot\app\services\book.service.js.map
C:\Users\chitra\Documents\Visual Studio 2017\Projects\coredemo\coredemo\wwwroot\app\books\books.component.js
C:\Users\chitra\Documents\Visual Studio 2017\Projects\coredemo\coredemo\wwwroot\app\books\books.component.js.map
C:\Users\chitra\Documents\Visual Studio 2017\Projects\coredemo\coredemo\wwwroot\app\app.component.js
C:\Users\chitra\Documents\Visual Studio 2017\Projects\coredemo\coredemo\wwwroot\app\app.component.js.map
C:\Users\chitra\Documents\Visual Studio 2017\Projects\coredemo\coredemo\wwwroot\app\navmenu\navmenu.component.js
C:\Users\chitra\Documents\Visual Studio 2017\Projects\coredemo\coredemo\wwwroot\app\navmenu\navmenu.component.js.map
C:\Users\chitra\Documents\Visual Studio 2017\Projects\coredemo\coredemo\wwwroot\app\home\home.component.js
C:\Users\chitra\Documents\Visual Studio 2017\Projects\coredemo\coredemo\wwwroot\app\home\home.component.js.map
C:\Users\chitra\Documents\Visual Studio 2017\Projects\coredemo\coredemo\wwwroot\app\app.module.js
C:\Users\chitra\Documents\Visual Studio 2017\Projects\coredemo\coredemo\wwwroot\app\app.module.js.map
C:\Users\chitra\Documents\Visual Studio 2017\Projects\coredemo\coredemo\wwwroot\app\main.js
C:\Users\chitra\Documents\Visual Studio 2017\Projects\coredemo\coredemo\wwwroot\app\main.js.map
C:\Users\chitra\Documents\Visual Studio 2017\Projects\coredemo\coredemo\wwwroot\app\models\book.js
C:\Users\chitra\Documents\Visual Studio 2017\Projects\coredemo\coredemo\wwwroot\app\models\book.js.map
C:\Users\chitra\Documents\Visual Studio 2017\Projects\coredemo\coredemo\wwwroot\app\services\book.service.js
C:\Users\chitra\Documents\Visual Studio 2017\Projects\coredemo\coredemo\wwwroot\app\services\book.service.js.map
C:\Users\chitra\Documents\Visual Studio 2017\Projects\coredemo\coredemo\wwwroot\app\books\books.component.js
C:\Users\chitra\Documents\Visual Studio 2017\Projects\coredemo\coredemo\wwwroot\app\books\books.component.js.map
C:\Users\chitra\Documents\Visual Studio 2017\Projects\coredemo\coredemo\wwwroot\app\app.component.js
C:\Users\chitra\Documents\Visual Studio 2017\Projects\coredemo\coredemo\wwwroot\app\app.component.js.map
C:\Users\chitra\Documents\Visual Studio 2017\Projects\coredemo\coredemo\wwwroot\app\navmenu\navmenu.component.js
C:\Users\chitra\Documents\Visual Studio 2017\Projects\coredemo\coredemo\wwwroot\app\navmenu\navmenu.component.js.map
C:\Users\chitra\Documents\Visual Studio 2017\Projects\coredemo\coredemo\wwwroot\app\home\home.component.js
C:\Users\chitra\Documents\Visual Studio 2017\Projects\coredemo\coredemo\wwwroot\app\home\home.component.js.map
C:\Users\chitra\Documents\Visual Studio 2017\Projects\coredemo\coredemo\wwwroot\app\app.module.js
C:\Users\chitra\Documents\Visual Studio 2017\Projects\coredemo\coredemo\wwwroot\app\app.module.js.map
C:\Users\chitra\Documents\Visual Studio 2017\Projects\coredemo\coredemo\wwwroot\app\main.js
C:\Users\chitra\Documents\Visual Studio 2017\Projects\coredemo\coredemo\wwwroot\app\main.js.map
C:\Users\chitra\Documents\Visual Studio 2017\Projects\coredemo\coredemo\wwwroot\app\models\book.js
C:\Users\chitra\Documents\Visual Studio 2017\Projects\coredemo\coredemo\wwwroot\app\models\book.js.map
C:\Users\chitra\Documents\Visual Studio 2017\Projects\coredemo\coredemo\wwwroot\app\services\book.service.js
C:\Users\chitra\Documents\Visual Studio 2017\Projects\coredemo\coredemo\wwwroot\app\services\book.service.js.map
C:\Users\chitra\Documents\Visual Studio 2017\Projects\coredemo\coredemo\wwwroot\app\books\books.component.js
C:\Users\chitra\Documents\Visual Studio 2017\Projects\coredemo\coredemo\wwwroot\app\books\books.component.js.map
C:\Users\chitra\Documents\Visual Studio 2017\Projects\coredemo\coredemo\wwwroot\app\app.component.js
C:\Users\chitra\Documents\Visual Studio 2017\Projects\coredemo\coredemo\wwwroot\app\app.component.js.map
C:\Users\chitra\Documents\Visual Studio 2017\Projects\coredemo\coredemo\wwwroot\app\navmenu\navmenu.component.js
C:\Users\chitra\Documents\Visual Studio 2017\Projects\coredemo\coredemo\wwwroot\app\navmenu\navmenu.component.js.map
C:\Users\chitra\Documents\Visual Studio 2017\Projects\coredemo\coredemo\wwwroot\app\home\home.component.js
C:\Users\chitra\Documents\Visual Studio 2017\Projects\coredemo\coredemo\wwwroot\app\home\home.component.js.map
C:\Users\chitra\Documents\Visual Studio 2017\Projects\coredemo\coredemo\wwwroot\app\app.module.js
C:\Users\chitra\Documents\Visual Studio 2017\Projects\coredemo\coredemo\wwwroot\app\app.module.js.map
C:\Users\chitra\Documents\Visual Studio 2017\Projects\coredemo\coredemo\wwwroot\app\main.js
C:\Users\chitra\Documents\Visual Studio 2017\Projects\coredemo\coredemo\wwwroot\app\main.js.map
C:\Users\chitra\Documents\Visual Studio 2017\Projects\coredemo\coredemo\wwwroot\app\models\book.js
C:\Users\chitra\Documents\Visual Studio 2017\Projects\coredemo\coredemo\wwwroot\app\models\book.js.map
C:\Users\chitra\Documents\Visual Studio 2017\Projects\coredemo\coredemo\wwwroot\app\services\book.service.js
C:\Users\chitra\Documents\Visual Studio 2017\Projects\coredemo\coredemo\wwwroot\app\services\book.service.js.map
C:\Users\chitra\Documents\Visual Studio 2017\Projects\coredemo\coredemo\wwwroot\app\books\books.component.js
C:\Users\chitra\Documents\Visual Studio 2017\Projects\coredemo\coredemo\wwwroot\app\books\books.component.js.map
C:\Users\chitra\Documents\Visual Studio 2017\Projects\coredemo\coredemo\wwwroot\app\app.component.js
C:\Users\chitra\Documents\Visual Studio 2017\Projects\coredemo\coredemo\wwwroot\app\app.component.js.map
C:\Users\chitra\Documents\Visual Studio 2017\Projects\coredemo\coredemo\wwwroot\app\navmenu\navmenu.component.js
C:\Users\chitra\Documents\Visual Studio 2017\Projects\coredemo\coredemo\wwwroot\app\navmenu\navmenu.component.js.map
C:\Users\chitra\Documents\Visual Studio 2017\Projects\coredemo\coredemo\wwwroot\app\home\home.component.js
C:\Users\chitra\Documents\Visual Studio 2017\Projects\coredemo\coredemo\wwwroot\app\home\home.component.js.map
C:\Users\chitra\Documents\Visual Studio 2017\Projects\coredemo\coredemo\wwwroot\app\app.module.js
C:\Users\chitra\Documents\Visual Studio 2017\Projects\coredemo\coredemo\wwwroot\app\app.module.js.map
C:\Users\chitra\Documents\Visual Studio 2017\Projects\coredemo\coredemo\wwwroot\app\main.js
C:\Users\chitra\Documents\Visual Studio 2017\Projects\coredemo\coredemo\wwwroot\app\main.js.map
C:\Users\chitra\Documents\Visual Studio 2017\Projects\coredemo\coredemo\wwwroot\app\models\book.js
C:\Users\chitra\Documents\Visual Studio 2017\Projects\coredemo\coredemo\wwwroot\app\models\book.js.map
C:\Users\chitra\Documents\Visual Studio 2017\Projects\coredemo\coredemo\wwwroot\app\services\book.service.js
C:\Users\chitra\Documents\Visual Studio 2017\Projects\coredemo\coredemo\wwwroot\app\services\book.service.js.map
C:\Users\chitra\Documents\Visual Studio 2017\Projects\coredemo\coredemo\wwwroot\app\books\books.component.js
C:\Users\chitra\Documents\Visual Studio 2017\Projects\coredemo\coredemo\wwwroot\app\books\books.component.js.map
C:\Users\chitra\Documents\Visual Studio 2017\Projects\coredemo\coredemo\wwwroot\app\app.component.js
C:\Users\chitra\Documents\Visual Studio 2017\Projects\coredemo\coredemo\wwwroot\app\app.component.js.map
C:\Users\chitra\Documents\Visual Studio 2017\Projects\coredemo\coredemo\wwwroot\app\navmenu\navmenu.component.js
C:\Users\chitra\Documents\Visual Studio 2017\Projects\coredemo\coredemo\wwwroot\app\navmenu\navmenu.component.js.map
C:\Users\chitra\Documents\Visual Studio 2017\Projects\coredemo\coredemo\wwwroot\app\home\home.component.js
C:\Users\chitra\Documents\Visual Studio 2017\Projects\coredemo\coredemo\wwwroot\app\home\home.component.js.map
C:\Users\chitra\Documents\Visual Studio 2017\Projects\coredemo\coredemo\wwwroot\app\app.module.js
C:\Users\chitra\Documents\Visual Studio 2017\Projects\coredemo\coredemo\wwwroot\app\app.module.js.map
C:\Users\chitra\Documents\Visual Studio 2017\Projects\coredemo\coredemo\wwwroot\app\main.js
C:\Users\chitra\Documents\Visual Studio 2017\Projects\coredemo\coredemo\wwwroot\app\main.js.map
C:\Users\chitra\Documents\Visual Studio 2017\Projects\coredemo\coredemo\wwwroot\app\models\book.js
C:\Users\chitra\Documents\Visual Studio 2017\Projects\coredemo\coredemo\wwwroot\app\models\book.js.map
C:\Users\chitra\Documents\Visual Studio 2017\Projects\coredemo\coredemo\wwwroot\app\services\book.service.js
C:\Users\chitra\Documents\Visual Studio 2017\Projects\coredemo\coredemo\wwwroot\app\services\book.service.js.map
C:\Users\chitra\Documents\Visual Studio 2017\Projects\coredemo\coredemo\wwwroot\app\books\books.component.js
C:\Users\chitra\Documents\Visual Studio 2017\Projects\coredemo\coredemo\wwwroot\app\books\books.component.js.map
C:\Users\chitra\Documents\Visual Studio 2017\Projects\coredemo\coredemo\wwwroot\app\app.component.js
C:\Users\chitra\Documents\Visual Studio 2017\Projects\coredemo\coredemo\wwwroot\app\app.component.js.map
C:\Users\chitra\Documents\Visual Studio 2017\Projects\coredemo\coredemo\wwwroot\app\navmenu\navmenu.component.js
C:\Users\chitra\Documents\Visual Studio 2017\Projects\coredemo\coredemo\wwwroot\app\navmenu\navmenu.component.js.map
C:\Users\chitra\Documents\Visual Studio 2017\Projects\coredemo\coredemo\wwwroot\app\home\home.component.js
C:\Users\chitra\Documents\Visual Studio 2017\Projects\coredemo\coredemo\wwwroot\app\home\home.component.js.map
C:\Users\chitra\Documents\Visual Studio 2017\Projects\coredemo\coredemo\wwwroot\app\models\book.js
C:\Users\chitra\Documents\Visual Studio 2017\Projects\coredemo\coredemo\wwwroot\app\models\book.js.map
C:\Users\chitra\Documents\Visual Studio 2017\Projects\coredemo\coredemo\wwwroot\app\services\book.service.js
C:\Users\chitra\Documents\Visual Studio 2017\Projects\coredemo\coredemo\wwwroot\app\services\book.service.js.map
C:\Users\chitra\Documents\Visual Studio 2017\Projects\coredemo\coredemo\wwwroot\app\books\books.component.js
C:\Users\chitra\Documents\Visual Studio 2017\Projects\coredemo\coredemo\wwwroot\app\books\books.component.js.map
C:\Users\chitra\Documents\Visual Studio 2017\Projects\coredemo\coredemo\wwwroot\app\app.module.js
C:\Users\chitra\Documents\Visual Studio 2017\Projects\coredemo\coredemo\wwwroot\app\app.module.js.map
C:\Users\chitra\Documents\Visual Studio 2017\Projects\coredemo\coredemo\wwwroot\app\main.js
C:\Users\chitra\Documents\Visual Studio 2017\Projects\coredemo\coredemo\wwwroot\app\main.js.map
C:\Users\chitra\Documents\Visual Studio 2017\Projects\coredemo\coredemo\wwwroot\app\app.component.js
C:\Users\chitra\Documents\Visual Studio 2017\Projects\coredemo\coredemo\wwwroot\app\app.component.js.map
C:\Users\chitra\Documents\Visual Studio 2017\Projects\coredemo\coredemo\wwwroot\app\navmenu\navmenu.component.js
C:\Users\chitra\Documents\Visual Studio 2017\Projects\coredemo\coredemo\wwwroot\app\navmenu\navmenu.component.js.map
C:\Users\chitra\Documents\Visual Studio 2017\Projects\coredemo\coredemo\wwwroot\app\home\home.component.js
C:\Users\chitra\Documents\Visual Studio 2017\Projects\coredemo\coredemo\wwwroot\app\home\home.component.js.map
C:\Users\chitra\Documents\Visual Studio 2017\Projects\coredemo\coredemo\wwwroot\app\models\book.js
C:\Users\chitra\Documents\Visual Studio 2017\Projects\coredemo\coredemo\wwwroot\app\models\book.js.map
C:\Users\chitra\Documents\Visual Studio 2017\Projects\coredemo\coredemo\wwwroot\app\services\book.service.js
C:\Users\chitra\Documents\Visual Studio 2017\Projects\coredemo\coredemo\wwwroot\app\services\book.service.js.map
C:\Users\chitra\Documents\Visual Studio 2017\Projects\coredemo\coredemo\wwwroot\app\books\books.component.js
C:\Users\chitra\Documents\Visual Studio 2017\Projects\coredemo\coredemo\wwwroot\app\books\books.component.js.map
C:\Users\chitra\Documents\Visual Studio 2017\Projects\coredemo\coredemo\wwwroot\app\app.module.js
C:\Users\chitra\Documents\Visual Studio 2017\Projects\coredemo\coredemo\wwwroot\app\app.module.js.map
C:\Users\chitra\Documents\Visual Studio 2017\Projects\coredemo\coredemo\wwwroot\app\main.js
C:\Users\chitra\Documents\Visual Studio 2017\Projects\coredemo\coredemo\wwwroot\app\main.js.map
C:\Users\chitra\Documents\Visual Studio 2017\Projects\coredemo\coredemo\wwwroot\app\app.component.js
C:\Users\chitra\Documents\Visual Studio 2017\Projects\coredemo\coredemo\wwwroot\app\app.component.js.map
C:\Users\chitra\Documents\Visual Studio 2017\Projects\coredemo\coredemo\wwwroot\app\navmenu\navmenu.component.js
C:\Users\chitra\Documents\Visual Studio 2017\Projects\coredemo\coredemo\wwwroot\app\navmenu\navmenu.component.js.map
C:\Users\chitra\Documents\Visual Studio 2017\Projects\coredemo\coredemo\wwwroot\app\home\home.component.js
C:\Users\chitra\Documents\Visual Studio 2017\Projects\coredemo\coredemo\wwwroot\app\home\home.component.js.map
C:\Users\chitra\Documents\Visual Studio 2017\Projects\coredemo\coredemo\wwwroot\app\models\book.js
C:\Users\chitra\Documents\Visual Studio 2017\Projects\coredemo\coredemo\wwwroot\app\models\book.js.map
C:\Users\chitra\Documents\Visual Studio 2017\Projects\coredemo\coredemo\wwwroot\app\services\book.service.js
C:\Users\chitra\Documents\Visual Studio 2017\Projects\coredemo\coredemo\wwwroot\app\services\book.service.js.map
C:\Users\chitra\Documents\Visual Studio 2017\Projects\coredemo\coredemo\wwwroot\app\books\books.component.js
C:\Users\chitra\Documents\Visual Studio 2017\Projects\coredemo\coredemo\wwwroot\app\books\books.component.js.map
C:\Users\chitra\Documents\Visual Studio 2017\Projects\coredemo\coredemo\wwwroot\app\app.module.js
C:\Users\chitra\Documents\Visual Studio 2017\Projects\coredemo\coredemo\wwwroot\app\app.module.js.map
C:\Users\chitra\Documents\Visual Studio 2017\Projects\coredemo\coredemo\wwwroot\app\main.js
C:\Users\chitra\Documents\Visual Studio 2017\Projects\coredemo\coredemo\wwwroot\app\main.js.map
C:\Users\chitra\Documents\Visual Studio 2017\Projects\coredemo\coredemo\wwwroot\app\app.component.js
C:\Users\chitra\Documents\Visual Studio 2017\Projects\coredemo\coredemo\wwwroot\app\app.component.js.map
C:\Users\chitra\Documents\Visual Studio 2017\Projects\coredemo\coredemo\wwwroot\app\navmenu\navmenu.component.js
C:\Users\chitra\Documents\Visual Studio 2017\Projects\coredemo\coredemo\wwwroot\app\navmenu\navmenu.component.js.map
C:\Users\chitra\Documents\Visual Studio 2017\Projects\coredemo\coredemo\wwwroot\app\home\home.component.js
C:\Users\chitra\Documents\Visual Studio 2017\Projects\coredemo\coredemo\wwwroot\app\home\home.component.js.map
C:\Users\chitra\Documents\Visual Studio 2017\Projects\coredemo\coredemo\wwwroot\app\models\book.js
C:\Users\chitra\Documents\Visual Studio 2017\Projects\coredemo\coredemo\wwwroot\app\models\book.js.map
C:\Users\chitra\Documents\Visual Studio 2017\Projects\coredemo\coredemo\wwwroot\app\services\book.service.js
C:\Users\chitra\Documents\Visual Studio 2017\Projects\coredemo\coredemo\wwwroot\app\services\book.service.js.map
C:\Users\chitra\Documents\Visual Studio 2017\Projects\coredemo\coredemo\wwwroot\app\books\books.component.js
C:\Users\chitra\Documents\Visual Studio 2017\Projects\coredemo\coredemo\wwwroot\app\books\books.component.js.map
C:\Users\chitra\Documents\Visual Studio 2017\Projects\coredemo\coredemo\wwwroot\app\app.module.js
C:\Users\chitra\Documents\Visual Studio 2017\Projects\coredemo\coredemo\wwwroot\app\app.module.js.map
C:\Users\chitra\Documents\Visual Studio 2017\Projects\coredemo\coredemo\wwwroot\app\main.js
C:\Users\chitra\Documents\Visual Studio 2017\Projects\coredemo\coredemo\wwwroot\app\main.js.map
C:\Users\chitra\Documents\Visual Studio 2017\Projects\coredemo\coredemo\wwwroot\app\app.component.js
C:\Users\chitra\Documents\Visual Studio 2017\Projects\coredemo\coredemo\wwwroot\app\app.component.js.map
C:\Users\chitra\Documents\Visual Studio 2017\Projects\coredemo\coredemo\wwwroot\app\navmenu\navmenu.component.js
C:\Users\chitra\Documents\Visual Studio 2017\Projects\coredemo\coredemo\wwwroot\app\navmenu\navmenu.component.js.map
C:\Users\chitra\Documents\Visual Studio 2017\Projects\coredemo\coredemo\wwwroot\app\home\home.component.js
C:\Users\chitra\Documents\Visual Studio 2017\Projects\coredemo\coredemo\wwwroot\app\home\home.component.js.map
C:\Users\chitra\Documents\Visual Studio 2017\Projects\coredemo\coredemo\wwwroot\app\models\book.js
C:\Users\chitra\Documents\Visual Studio 2017\Projects\coredemo\coredemo\wwwroot\app\models\book.js.map
C:\Users\chitra\Documents\Visual Studio 2017\Projects\coredemo\coredemo\wwwroot\app\services\book.service.js
C:\Users\chitra\Documents\Visual Studio 2017\Projects\coredemo\coredemo\wwwroot\app\services\book.service.js.map
C:\Users\chitra\Documents\Visual Studio 2017\Projects\coredemo\coredemo\wwwroot\app\books\books.component.js
C:\Users\chitra\Documents\Visual Studio 2017\Projects\coredemo\coredemo\wwwroot\app\books\books.component.js.map
C:\Users\chitra\Documents\Visual Studio 2017\Projects\coredemo\coredemo\wwwroot\app\app.module.js
C:\Users\chitra\Documents\Visual Studio 2017\Projects\coredemo\coredemo\wwwroot\app\app.module.js.map
C:\Users\chitra\Documents\Visual Studio 2017\Projects\coredemo\coredemo\wwwroot\app\main.js
C:\Users\chitra\Documents\Visual Studio 2017\Projects\coredemo\coredemo\wwwroot\app\main.js.map
C:\Users\chitra\Documents\Visual Studio 2017\Projects\coredemo\coredemo\wwwroot\app\app.component.js
C:\Users\chitra\Documents\Visual Studio 2017\Projects\coredemo\coredemo\wwwroot\app\app.component.js.map
C:\Users\chitra\Documents\Visual Studio 2017\Projects\coredemo\coredemo\wwwroot\app\navmenu\navmenu.component.js
C:\Users\chitra\Documents\Visual Studio 2017\Projects\coredemo\coredemo\wwwroot\app\navmenu\navmenu.component.js.map
C:\Users\chitra\Documents\Visual Studio 2017\Projects\coredemo\coredemo\wwwroot\app\home\home.component.js
C:\Users\chitra\Documents\Visual Studio 2017\Projects\coredemo\coredemo\wwwroot\app\home\home.component.js.map
C:\Users\chitra\Documents\Visual Studio 2017\Projects\coredemo\coredemo\wwwroot\app\models\book.js
C:\Users\chitra\Documents\Visual Studio 2017\Projects\coredemo\coredemo\wwwroot\app\models\book.js.map
C:\Users\chitra\Documents\Visual Studio 2017\Projects\coredemo\coredemo\wwwroot\app\services\book.service.js
C:\Users\chitra\Documents\Visual Studio 2017\Projects\coredemo\coredemo\wwwroot\app\services\book.service.js.map
C:\Users\chitra\Documents\Visual Studio 2017\Projects\coredemo\coredemo\wwwroot\app\books\books.component.js
C:\Users\chitra\Documents\Visual Studio 2017\Projects\coredemo\coredemo\wwwroot\app\books\books.component.js.map
C:\Users\chitra\Documents\Visual Studio 2017\Projects\coredemo\coredemo\wwwroot\app\app.module.js
C:\Users\chitra\Documents\Visual Studio 2017\Projects\coredemo\coredemo\wwwroot\app\app.module.js.map
C:\Users\chitra\Documents\Visual Studio 2017\Projects\coredemo\coredemo\wwwroot\app\main.js
C:\Users\chitra\Documents\Visual Studio 2017\Projects\coredemo\coredemo\wwwroot\app\main.js.map
C:\Users\chitra\Documents\Visual Studio 2017\Projects\coredemo\coredemo\wwwroot\app\app.component.js
C:\Users\chitra\Documents\Visual Studio 2017\Projects\coredemo\coredemo\wwwroot\app\app.component.js.map
C:\Users\chitra\Documents\Visual Studio 2017\Projects\coredemo\coredemo\wwwroot\app\navmenu\navmenu.component.js
C:\Users\chitra\Documents\Visual Studio 2017\Projects\coredemo\coredemo\wwwroot\app\navmenu\navmenu.component.js.map
C:\Users\chitra\Documents\Visual Studio 2017\Projects\coredemo\coredemo\wwwroot\app\home\home.component.js
C:\Users\chitra\Documents\Visual Studio 2017\Projects\coredemo\coredemo\wwwroot\app\home\home.component.js.map
C:\Users\chitra\Documents\Visual Studio 2017\Projects\coredemo\coredemo\wwwroot\app\models\book.js
C:\Users\chitra\Documents\Visual Studio 2017\Projects\coredemo\coredemo\wwwroot\app\models\book.js.map
C:\Users\chitra\Documents\Visual Studio 2017\Projects\coredemo\coredemo\wwwroot\app\services\book.service.js
C:\Users\chitra\Documents\Visual Studio 2017\Projects\coredemo\coredemo\wwwroot\app\services\book.service.js.map
C:\Users\chitra\Documents\Visual Studio 2017\Projects\coredemo\coredemo\wwwroot\app\books\books.component.js
C:\Users\chitra\Documents\Visual Studio 2017\Projects\coredemo\coredemo\wwwroot\app\books\books.component.js.map
C:\Users\chitra\Documents\Visual Studio 2017\Projects\coredemo\coredemo\wwwroot\app\app.module.js
C:\Users\chitra\Documents\Visual Studio 2017\Projects\coredemo\coredemo\wwwroot\app\app.module.js.map
C:\Users\chitra\Documents\Visual Studio 2017\Projects\coredemo\coredemo\wwwroot\app\main.js
C:\Users\chitra\Documents\Visual Studio 2017\Projects\coredemo\coredemo\wwwroot\app\main.js.map
C:\Users\chitra\Documents\Visual Studio 2017\Projects\coredemo\coredemo\wwwroot\app\app.component.js
C:\Users\chitra\Documents\Visual Studio 2017\Projects\coredemo\coredemo\wwwroot\app\app.component.js.map
C:\Users\chitra\Documents\Visual Studio 2017\Projects\coredemo\coredemo\wwwroot\app\navmenu\navmenu.component.js
C:\Users\chitra\Documents\Visual Studio 2017\Projects\coredemo\coredemo\wwwroot\app\navmenu\navmenu.component.js.map
C:\Users\chitra\Documents\Visual Studio 2017\Projects\coredemo\coredemo\wwwroot\app\home\home.component.js
C:\Users\chitra\Documents\Visual Studio 2017\Projects\coredemo\coredemo\wwwroot\app\home\home.component.js.map
C:\Users\chitra\Documents\Visual Studio 2017\Projects\coredemo\coredemo\wwwroot\app\models\book.js
C:\Users\chitra\Documents\Visual Studio 2017\Projects\coredemo\coredemo\wwwroot\app\models\book.js.map
C:\Users\chitra\Documents\Visual Studio 2017\Projects\coredemo\coredemo\wwwroot\app\services\book.service.js
C:\Users\chitra\Documents\Visual Studio 2017\Projects\coredemo\coredemo\wwwroot\app\services\book.service.js.map
C:\Users\chitra\Documents\Visual Studio 2017\Projects\coredemo\coredemo\wwwroot\app\books\books.component.js
C:\Users\chitra\Documents\Visual Studio 2017\Projects\coredemo\coredemo\wwwroot\app\books\books.component.js.map
C:\Users\chitra\Documents\Visual Studio 2017\Projects\coredemo\coredemo\wwwroot\app\app.module.js
C:\Users\chitra\Documents\Visual Studio 2017\Projects\coredemo\coredemo\wwwroot\app\app.module.js.map
C:\Users\chitra\Documents\Visual Studio 2017\Projects\coredemo\coredemo\wwwroot\app\main.js
C:\Users\chitra\Documents\Visual Studio 2017\Projects\coredemo\coredemo\wwwroot\app\main.js.map
C:\Users\chitra\Documents\Visual Studio 2017\Projects\coredemo\coredemo\wwwroot\app\app.component.js
C:\Users\chitra\Documents\Visual Studio 2017\Projects\coredemo\coredemo\wwwroot\app\app.component.js.map
C:\Users\chitra\Documents\Visual Studio 2017\Projects\coredemo\coredemo\wwwroot\app\navmenu\navmenu.component.js
C:\Users\chitra\Documents\Visual Studio 2017\Projects\coredemo\coredemo\wwwroot\app\navmenu\navmenu.component.js.map
C:\Users\chitra\Documents\Visual Studio 2017\Projects\coredemo\coredemo\wwwroot\app\home\home.component.js
C:\Users\chitra\Documents\Visual Studio 2017\Projects\coredemo\coredemo\wwwroot\app\home\home.component.js.map
C:\Users\chitra\Documents\Visual Studio 2017\Projects\coredemo\coredemo\wwwroot\app\models\book.js
C:\Users\chitra\Documents\Visual Studio 2017\Projects\coredemo\coredemo\wwwroot\app\models\book.js.map
C:\Users\chitra\Documents\Visual Studio 2017\Projects\coredemo\coredemo\wwwroot\app\services\book.service.js
C:\Users\chitra\Documents\Visual Studio 2017\Projects\coredemo\coredemo\wwwroot\app\services\book.service.js.map
C:\Users\chitra\Documents\Visual Studio 2017\Projects\coredemo\coredemo\wwwroot\app\books\books.component.js
C:\Users\chitra\Documents\Visual Studio 2017\Projects\coredemo\coredemo\wwwroot\app\books\books.component.js.map
C:\Users\chitra\Documents\Visual Studio 2017\Projects\coredemo\coredemo\wwwroot\app\app.module.js
C:\Users\chitra\Documents\Visual Studio 2017\Projects\coredemo\coredemo\wwwroot\app\app.module.js.map
C:\Users\chitra\Documents\Visual Studio 2017\Projects\coredemo\coredemo\wwwroot\app\main.js
C:\Users\chitra\Documents\Visual Studio 2017\Projects\coredemo\coredemo\wwwroot\app\main.js.map
C:\Users\chitra\Documents\Visual Studio 2017\Projects\coredemo\coredemo\wwwroot\app\app.component.js
C:\Users\chitra\Documents\Visual Studio 2017\Projects\coredemo\coredemo\wwwroot\app\app.component.js.map
C:\Users\chitra\Documents\Visual Studio 2017\Projects\coredemo\coredemo\wwwroot\app\navmenu\navmenu.component.js
C:\Users\chitra\Documents\Visual Studio 2017\Projects\coredemo\coredemo\wwwroot\app\navmenu\navmenu.component.js.map
C:\Users\chitra\Documents\Visual Studio 2017\Projects\coredemo\coredemo\wwwroot\app\home\home.component.js
C:\Users\chitra\Documents\Visual Studio 2017\Projects\coredemo\coredemo\wwwroot\app\home\home.component.js.map
C:\Users\chitra\Documents\Visual Studio 2017\Projects\coredemo\coredemo\wwwroot\app\models\book.js
C:\Users\chitra\Documents\Visual Studio 2017\Projects\coredemo\coredemo\wwwroot\app\models\book.js.map
C:\Users\chitra\Documents\Visual Studio 2017\Projects\coredemo\coredemo\wwwroot\app\services\book.service.js
C:\Users\chitra\Documents\Visual Studio 2017\Projects\coredemo\coredemo\wwwroot\app\services\book.service.js.map
C:\Users\chitra\Documents\Visual Studio 2017\Projects\coredemo\coredemo\wwwroot\app\books\books.component.js
C:\Users\chitra\Documents\Visual Studio 2017\Projects\coredemo\coredemo\wwwroot\app\books\books.component.js.map
C:\Users\chitra\Documents\Visual Studio 2017\Projects\coredemo\coredemo\wwwroot\app\app.module.js
C:\Users\chitra\Documents\Visual Studio 2017\Projects\coredemo\coredemo\wwwroot\app\app.module.js.map
C:\Users\chitra\Documents\Visual Studio 2017\Projects\coredemo\coredemo\wwwroot\app\main.js
C:\Users\chitra\Documents\Visual Studio 2017\Projects\coredemo\coredemo\wwwroot\app\main.js.map
C:\Users\chitra\Documents\Visual Studio 2017\Projects\coredemo\coredemo\wwwroot\app\app.component.js
C:\Users\chitra\Documents\Visual Studio 2017\Projects\coredemo\coredemo\wwwroot\app\app.component.js.map
C:\Users\chitra\Documents\Visual Studio 2017\Projects\coredemo\coredemo\wwwroot\app\navmenu\navmenu.component.js
C:\Users\chitra\Documents\Visual Studio 2017\Projects\coredemo\coredemo\wwwroot\app\navmenu\navmenu.component.js.map
C:\Users\chitra\Documents\Visual Studio 2017\Projects\coredemo\coredemo\wwwroot\app\home\home.component.js
C:\Users\chitra\Documents\Visual Studio 2017\Projects\coredemo\coredemo\wwwroot\app\home\home.component.js.map
C:\Users\chitra\Documents\Visual Studio 2017\Projects\coredemo\coredemo\wwwroot\app\models\book.js
C:\Users\chitra\Documents\Visual Studio 2017\Projects\coredemo\coredemo\wwwroot\app\models\book.js.map
C:\Users\chitra\Documents\Visual Studio 2017\Projects\coredemo\coredemo\wwwroot\app\services\book.service.js
C:\Users\chitra\Documents\Visual Studio 2017\Projects\coredemo\coredemo\wwwroot\app\services\book.service.js.map
C:\Users\chitra\Documents\Visual Studio 2017\Projects\coredemo\coredemo\wwwroot\app\books\books.component.js
C:\Users\chitra\Documents\Visual Studio 2017\Projects\coredemo\coredemo\wwwroot\app\books\books.component.js.map
C:\Users\chitra\Documents\Visual Studio 2017\Projects\coredemo\coredemo\wwwroot\app\app.module.js
C:\Users\chitra\Documents\Visual Studio 2017\Projects\coredemo\coredemo\wwwroot\app\app.module.js.map
C:\Users\chitra\Documents\Visual Studio 2017\Projects\coredemo\coredemo\wwwroot\app\main.js
C:\Users\chitra\Documents\Visual Studio 2017\Projects\coredemo\coredemo\wwwroot\app\main.js.map
C:\Users\chitra\Documents\Visual Studio 2017\Projects\coredemo\coredemo\wwwroot\app\app.component.js
C:\Users\chitra\Documents\Visual Studio 2017\Projects\coredemo\coredemo\wwwroot\app\app.component.js.map
C:\Users\chitra\Documents\Visual Studio 2017\Projects\coredemo\coredemo\wwwroot\app\navmenu\navmenu.component.js
C:\Users\chitra\Documents\Visual Studio 2017\Projects\coredemo\coredemo\wwwroot\app\navmenu\navmenu.component.js.map
C:\Users\chitra\Documents\Visual Studio 2017\Projects\coredemo\coredemo\wwwroot\app\home\home.component.js
C:\Users\chitra\Documents\Visual Studio 2017\Projects\coredemo\coredemo\wwwroot\app\home\home.component.js.map
C:\Users\chitra\Documents\Visual Studio 2017\Projects\coredemo\coredemo\wwwroot\app\models\book.js
C:\Users\chitra\Documents\Visual Studio 2017\Projects\coredemo\coredemo\wwwroot\app\models\book.js.map
C:\Users\chitra\Documents\Visual Studio 2017\Projects\coredemo\coredemo\wwwroot\app\services\book.service.js
C:\Users\chitra\Documents\Visual Studio 2017\Projects\coredemo\coredemo\wwwroot\app\services\book.service.js.map
C:\Users\chitra\Documents\Visual Studio 2017\Projects\coredemo\coredemo\wwwroot\app\books\books.component.js
C:\Users\chitra\Documents\Visual Studio 2017\Projects\coredemo\coredemo\wwwroot\app\books\books.component.js.map
C:\Users\chitra\Documents\Visual Studio 2017\Projects\coredemo\coredemo\wwwroot\app\app.module.js
C:\Users\chitra\Documents\Visual Studio 2017\Projects\coredemo\coredemo\wwwroot\app\app.module.js.map
C:\Users\chitra\Documents\Visual Studio 2017\Projects\coredemo\coredemo\wwwroot\app\main.js
C:\Users\chitra\Documents\Visual Studio 2017\Projects\coredemo\coredemo\wwwroot\app\main.js.map
C:\Users\chitra\Documents\Visual Studio 2017\Projects\coredemo\coredemo\wwwroot\app\book-form\book-form.component.js
C:\Users\chitra\Documents\Visual Studio 2017\Projects\coredemo\coredemo\wwwroot\app\book-form\book-form.component.js.map
C:\Users\chitra\Documents\Visual Studio 2017\Projects\coredemo\coredemo\wwwroot\app\app.component.js
C:\Users\chitra\Documents\Visual Studio 2017\Projects\coredemo\coredemo\wwwroot\app\app.component.js.map
C:\Users\chitra\Documents\Visual Studio 2017\Projects\coredemo\coredemo\wwwroot\app\navmenu\navmenu.component.js
C:\Users\chitra\Documents\Visual Studio 2017\Projects\coredemo\coredemo\wwwroot\app\navmenu\navmenu.component.js.map
C:\Users\chitra\Documents\Visual Studio 2017\Projects\coredemo\coredemo\wwwroot\app\home\home.component.js
C:\Users\chitra\Documents\Visual Studio 2017\Projects\coredemo\coredemo\wwwroot\app\home\home.component.js.map
C:\Users\chitra\Documents\Visual Studio 2017\Projects\coredemo\coredemo\wwwroot\app\models\book.js
C:\Users\chitra\Documents\Visual Studio 2017\Projects\coredemo\coredemo\wwwroot\app\models\book.js.map
C:\Users\chitra\Documents\Visual Studio 2017\Projects\coredemo\coredemo\wwwroot\app\services\book.service.js
C:\Users\chitra\Documents\Visual Studio 2017\Projects\coredemo\coredemo\wwwroot\app\services\book.service.js.map
C:\Users\chitra\Documents\Visual Studio 2017\Projects\coredemo\coredemo\wwwroot\app\books\books.component.js
C:\Users\chitra\Documents\Visual Studio 2017\Projects\coredemo\coredemo\wwwroot\app\books\books.component.js.map
C:\Users\chitra\Documents\Visual Studio 2017\Projects\coredemo\coredemo\wwwroot\app\app.module.js
C:\Users\chitra\Documents\Visual Studio 2017\Projects\coredemo\coredemo\wwwroot\app\app.module.js.map
C:\Users\chitra\Documents\Visual Studio 2017\Projects\coredemo\coredemo\wwwroot\app\main.js
C:\Users\chitra\Documents\Visual Studio 2017\Projects\coredemo\coredemo\wwwroot\app\main.js.map
C:\Users\chitra\Documents\Visual Studio 2017\Projects\coredemo\coredemo\wwwroot\app\book-form\book-form.component.js
C:\Users\chitra\Documents\Visual Studio 2017\Projects\coredemo\coredemo\wwwroot\app\book-form\book-form.component.js.map
